# JRE version: Java(TM) SE Runtime Environment (8.0_73-b02) (build 1.8.0_73-b02)
# Java VM: Java HotSpot(TM) 64-Bit Server VM (25.73-b02 mixed mode windows-amd64 compressed oops)
Heap:
 PSYoungGen      total 137216K, used 73994K [0x00000000eb100000, 0x00000000f4700000, 0x0000000100000000)
  eden space 128512K, 50% used [0x00000000eb100000,0x00000000ef0c29f8,0x00000000f2e80000)
  from space 8704K, 100% used [0x00000000f3980000,0x00000000f4200000,0x00000000f4200000)
  to   space 11264K, 0% used [0x00000000f2e80000,0x00000000f2e80000,0x00000000f3980000)
 ParOldGen       total 44032K, used 12574K [0x00000000c1200000, 0x00000000c3d00000, 0x00000000eb100000)
  object space 44032K, 28% used [0x00000000c1200000,0x00000000c1e47b90,0x00000000c3d00000)
 Metaspace       used 18903K, capacity 19278K, committed 19456K, reserved 1067008K
  class space    used 2167K, capacity 2286K, committed 2304K, reserved 1048576K
GC Heap History (10 events):
Event: 1.429 GC heap before
{Heap before GC invocations=4 (full 0):
 PSYoungGen      total 18944K, used 18924K [0x00000000eb100000, 0x00000000ed600000, 0x0000000100000000)
  eden space 16384K, 100% used [0x00000000eb100000,0x00000000ec100000,0x00000000ec100000)
  from space 2560K, 99% used [0x00000000ec100000,0x00000000ec37b3d8,0x00000000ec380000)
  to   space 2560K, 0% used [0x00000000ed380000,0x00000000ed380000,0x00000000ed600000)
 ParOldGen       total 44032K, used 2162K [0x00000000c1200000, 0x00000000c3d00000, 0x00000000eb100000)
  object space 44032K, 4% used [0x00000000c1200000,0x00000000c141cbb8,0x00000000c3d00000)
 Metaspace       used 11361K, capacity 11592K, committed 11904K, reserved 1058816K
  class space    used 1430K, capacity 1540K, committed 1664K, reserved 1048576K
Event: 1.435 GC heap after
Heap after GC invocations=4 (full 0):
 PSYoungGen      total 35328K, used 2528K [0x00000000eb100000, 0x00000000ed600000, 0x0000000100000000)
  eden space 32768K, 0% used [0x00000000eb100000,0x00000000eb100000,0x00000000ed100000)
  from space 2560K, 98% used [0x00000000ed380000,0x00000000ed5f8020,0x00000000ed600000)
  to   space 2560K, 0% used [0x00000000ed100000,0x00000000ed100000,0x00000000ed380000)
 ParOldGen       total 44032K, used 4456K [0x00000000c1200000, 0x00000000c3d00000, 0x00000000eb100000)
  object space 44032K, 10% used [0x00000000c1200000,0x00000000c165a0e8,0x00000000c3d00000)
 Metaspace       used 11361K, capacity 11592K, committed 11904K, reserved 1058816K
  class space    used 1430K, capacity 1540K, committed 1664K, reserved 1048576K
}
Event: 2.454 GC heap before
{Heap before GC invocations=5 (full 0):
 PSYoungGen      total 35328K, used 35296K [0x00000000eb100000, 0x00000000ed600000, 0x0000000100000000)
  eden space 32768K, 100% used [0x00000000eb100000,0x00000000ed100000,0x00000000ed100000)
  from space 2560K, 98% used [0x00000000ed380000,0x00000000ed5f8020,0x00000000ed600000)
  to   space 2560K, 0% used [0x00000000ed100000,0x00000000ed100000,0x00000000ed380000)
 ParOldGen       total 44032K, used 4456K [0x00000000c1200000, 0x00000000c3d00000, 0x00000000eb100000)
  object space 44032K, 10% used [0x00000000c1200000,0x00000000c165a0e8,0x00000000c3d00000)
 Metaspace       used 14387K, capacity 14620K, committed 14976K, reserved 1062912K
  class space    used 1770K, capacity 1874K, committed 1920K, reserved 1048576K
Event: 2.469 GC heap after
Heap after GC invocations=5 (full 0):
 PSYoungGen      total 35328K, used 2560K [0x00000000eb100000, 0x00000000f0000000, 0x0000000100000000)
  eden space 32768K, 0% used [0x00000000eb100000,0x00000000eb100000,0x00000000ed100000)
  from space 2560K, 100% used [0x00000000ed100000,0x00000000ed380000,0x00000000ed380000)
  to   space 7680K, 0% used [0x00000000ef880000,0x00000000ef880000,0x00000000f0000000)
 ParOldGen       total 44032K, used 8913K [0x00000000c1200000, 0x00000000c3d00000, 0x00000000eb100000)
  object space 44032K, 20% used [0x00000000c1200000,0x00000000c1ab4740,0x00000000c3d00000)
 Metaspace       used 14387K, capacity 14620K, committed 14976K, reserved 1062912K
  class space    used 1770K, capacity 1874K, committed 1920K, reserved 1048576K
}
Event: 3.009 GC heap before
{Heap before GC invocations=6 (full 0):
 PSYoungGen      total 35328K, used 35328K [0x00000000eb100000, 0x00000000f0000000, 0x0000000100000000)
  eden space 32768K, 100% used [0x00000000eb100000,0x00000000ed100000,0x00000000ed100000)
  from space 2560K, 100% used [0x00000000ed100000,0x00000000ed380000,0x00000000ed380000)
  to   space 7680K, 0% used [0x00000000ef880000,0x00000000ef880000,0x00000000f0000000)
 ParOldGen       total 44032K, used 8913K [0x00000000c1200000, 0x00000000c3d00000, 0x00000000eb100000)
  object space 44032K, 20% used [0x00000000c1200000,0x00000000c1ab4740,0x00000000c3d00000)
 Metaspace       used 14618K, capacity 14854K, committed 14976K, reserved 1062912K
  class space    used 1776K, capacity 1881K, committed 1920K, reserved 1048576K
Event: 3.026 GC heap after
Heap after GC invocations=6 (full 0):
 PSYoungGen      total 72192K, used 3840K [0x00000000eb100000, 0x00000000eff00000, 0x0000000100000000)
  eden space 65536K, 0% used [0x00000000eb100000,0x00000000eb100000,0x00000000ef100000)
  from space 6656K, 57% used [0x00000000ef880000,0x00000000efc40000,0x00000000eff00000)
  to   space 7168K, 0% used [0x00000000ef100000,0x00000000ef100000,0x00000000ef800000)
 ParOldGen       total 44032K, used 8913K [0x00000000c1200000, 0x00000000c3d00000, 0x00000000eb100000)
  object space 44032K, 20% used [0x00000000c1200000,0x00000000c1ab4740,0x00000000c3d00000)
 Metaspace       used 14618K, capacity 14854K, committed 14976K, reserved 1062912K
  class space    used 1776K, capacity 1881K, committed 1920K, reserved 1048576K
}
Event: 4.781 GC heap before
{Heap before GC invocations=7 (full 0):
 PSYoungGen      total 72192K, used 69376K [0x00000000eb100000, 0x00000000eff00000, 0x0000000100000000)
  eden space 65536K, 100% used [0x00000000eb100000,0x00000000ef100000,0x00000000ef100000)
  from space 6656K, 57% used [0x00000000ef880000,0x00000000efc40000,0x00000000eff00000)
  to   space 7168K, 0% used [0x00000000ef100000,0x00000000ef100000,0x00000000ef800000)
 ParOldGen       total 44032K, used 8913K [0x00000000c1200000, 0x00000000c3d00000, 0x00000000eb100000)
  object space 44032K, 20% used [0x00000000c1200000,0x00000000c1ab4740,0x00000000c3d00000)
 Metaspace       used 15729K, capacity 16062K, committed 16384K, reserved 1062912K
  class space    used 1867K, capacity 1985K, committed 2048K, reserved 1048576K
Event: 4.799 GC heap after
Heap after GC invocations=7 (full 0):
 PSYoungGen      total 72704K, used 7136K [0x00000000eb100000, 0x00000000f4200000, 0x0000000100000000)
  eden space 65536K, 0% used [0x00000000eb100000,0x00000000eb100000,0x00000000ef100000)
  from space 7168K, 99% used [0x00000000ef100000,0x00000000ef7f8020,0x00000000ef800000)
  to   space 8704K, 0% used [0x00000000f3980000,0x00000000f3980000,0x00000000f4200000)
 ParOldGen       total 44032K, used 9886K [0x00000000c1200000, 0x00000000c3d00000, 0x00000000eb100000)
  object space 44032K, 22% used [0x00000000c1200000,0x00000000c1ba7b68,0x00000000c3d00000)
 Metaspace       used 15729K, capacity 16062K, committed 16384K, reserved 1062912K
  class space    used 1867K, capacity 1985K, committed 2048K, reserved 1048576K
}
Event: 6.459 GC heap before
{Heap before GC invocations=8 (full 0):
 PSYoungGen      total 72704K, used 72672K [0x00000000eb100000, 0x00000000f4200000, 0x0000000100000000)
  eden space 65536K, 100% used [0x00000000eb100000,0x00000000ef100000,0x00000000ef100000)
  from space 7168K, 99% used [0x00000000ef100000,0x00000000ef7f8020,0x00000000ef800000)
  to   space 8704K, 0% used [0x00000000f3980000,0x00000000f3980000,0x00000000f4200000)
 ParOldGen       total 44032K, used 9886K [0x00000000c1200000, 0x00000000c3d00000, 0x00000000eb100000)
  object space 44032K, 22% used [0x00000000c1200000,0x00000000c1ba7b68,0x00000000c3d00000)
 Metaspace       used 17930K, capacity 18350K, committed 18688K, reserved 1064960K
  class space    used 2066K, capacity 2190K, committed 2304K, reserved 1048576K
Event: 6.481 GC heap after
Heap after GC invocations=8 (full 0):
 PSYoungGen      total 137216K, used 8704K [0x00000000eb100000, 0x00000000f4700000, 0x0000000100000000)
  eden space 128512K, 0% used [0x00000000eb100000,0x00000000eb100000,0x00000000f2e80000)
  from space 8704K, 100% used [0x00000000f3980000,0x00000000f4200000,0x00000000f4200000)
  to   space 11264K, 0% used [0x00000000f2e80000,0x00000000f2e80000,0x00000000f3980000)
 ParOldGen       total 44032K, used 12574K [0x00000000c1200000, 0x00000000c3d00000, 0x00000000eb100000)
  object space 44032K, 28% used [0x00000000c1200000,0x00000000c1e47b90,0x00000000c3d00000)
 Metaspace       used 17930K, capacity 18350K, committed 18688K, reserved 1064960K
  class space    used 2066K, capacity 2190K, committed 2304K, reserved 1048576K
}

